<?xml version="1.0" encoding="UTF-8"?>
<!-- Generated by org.testng.reporters.JUnitReportReporter -->
<testsuite hostname="DESKTOP-0I8CQ0P" failures="0" tests="1" name="testng.AnnatottionHierarchyexample" time="0.006" errors="0" timestamp="2021-12-14T18:55:28 IST" skipped="0">
  <testcase classname="testng.AnnatottionHierarchyexample" name="test" time="0.006"/>
  <system-out/>
</testsuite> <!-- testng.AnnatottionHierarchyexample -->
