<?xml version="1.0" encoding="UTF-8"?>
<!-- Generated by org.testng.reporters.JUnitReportReporter -->
<testsuite hostname="DESKTOP-0I8CQ0P" failures="0" tests="3" name="testng.Dependecies" time="0.008" errors="0" timestamp="2021-12-12T14:17:13 IST" skipped="0">
  <testcase classname="testng.Dependecies" name="highersecondary" time="0.001"/>
  <system-out/>
  <testcase classname="testng.Dependecies" name="engineering" time="0.002"/>
  <system-out/>
  <testcase classname="testng.Dependecies" name="highschool" time="0.005"/>
  <system-out/>
</testsuite> <!-- testng.Dependecies -->
