<?xml version="1.0" encoding="UTF-8"?>
<!-- Generated by org.testng.reporters.JUnitReportReporter -->
<testsuite hostname="DESKTOP-0I8CQ0P" failures="0" tests="1" name="testng.Parameterization" time="0.010" errors="0" timestamp="2021-12-14T15:57:25 IST" skipped="0">
  <testcase classname="testng.Parameterization" name="printname" time="0.010"/>
  <system-out/>
</testsuite> <!-- testng.Parameterization -->
