<?xml version="1.0" encoding="UTF-8"?>
<!-- Generated by org.testng.reporters.JUnitReportReporter -->
<testsuite hostname="DESKTOP-0I8CQ0P" failures="0" tests="3" name="testng.Suiteexample" time="9.670" errors="0" timestamp="2021-12-12T14:17:13 IST" skipped="0">
  <testcase classname="testng.Suiteexample" name="openchrome" time="3.061"/>
  <system-out/>
  <testcase classname="testng.Suiteexample" name="bing" time="3.907"/>
  <system-out/>
  <testcase classname="testng.Suiteexample" name="openyahoo" time="2.702"/>
  <system-out/>
</testsuite> <!-- testng.Suiteexample -->
