<?xml version="1.0" encoding="UTF-8"?>
<!-- Generated by org.testng.reporters.JUnitReportReporter -->
<testsuite hostname="DESKTOP-0I8CQ0P" failures="0" tests="2" name="testng.Paralleltesting" time="75.476" errors="0" timestamp="2021-12-14T16:20:57 IST" skipped="0">
  <testcase classname="testng.Paralleltesting" name="Openbing" time="37.582"/>
  <system-out/>
  <testcase classname="testng.Paralleltesting" name="Opengoogle" time="37.894"/>
  <system-out/>
</testsuite> <!-- testng.Paralleltesting -->
