<?xml version="1.0" encoding="UTF-8"?>
<!-- Generated by org.testng.reporters.JUnitReportReporter -->
<testsuite hostname="DESKTOP-0I8CQ0P" failures="0" tests="5" name="testng.Skiptestcase" time="0.019" errors="0" timestamp="2021-12-12T14:17:13 IST" skipped="1">
  <testcase classname="testng.Skiptestcase" name="startthecar" time="0.007"/>
  <system-out/>
  <testcase classname="testng.Skiptestcase" name="firstgear" time="0.009"/>
  <system-out/>
  <testcase classname="testng.Skiptestcase" name="secondgear" time="0.001"/>
  <system-out/>
  <testcase classname="testng.Skiptestcase" name="thirdgear" time="0.002"/>
  <system-out/>
  <testcase classname="testng.Skiptestcase" name="turnonthemusic">
    <skipped/>
  </testcase> <!-- turnonthemusic -->
  <system-out/>
</testsuite> <!-- testng.Skiptestcase -->
