<?xml version="1.0" encoding="UTF-8"?>
<!-- Generated by org.testng.reporters.JUnitReportReporter -->
<testsuite hostname="DESKTOP-0I8CQ0P" failures="0" tests="4" name="testng.driving" time="0.010" errors="0" timestamp="2021-12-12T14:17:13 IST" skipped="0">
  <testcase classname="testng.driving" name="startthecar" time="0.001"/>
  <system-out/>
  <testcase classname="testng.driving" name="firstgear" time="0.002"/>
  <system-out/>
  <testcase classname="testng.driving" name="secondgear" time="0.002"/>
  <system-out/>
  <testcase classname="testng.driving" name="thirdgear" time="0.005"/>
  <system-out/>
</testsuite> <!-- testng.driving -->
