<?xml version="1.0" encoding="UTF-8"?>
<!-- Generated by org.testng.reporters.JUnitReportReporter -->
<testsuite hostname="DESKTOP-0I8CQ0P" failures="0" tests="4" name="Selenium.TestNG1" time="0.022" errors="0" timestamp="2021-12-05T21:35:22 IST" skipped="0">
  <testcase classname="Selenium.TestNG1" name="fourthtestcase" time="0.006"/>
  <system-out/>
  <testcase classname="Selenium.TestNG1" name="secondtestcase" time="0.002"/>
  <system-out/>
  <testcase classname="Selenium.TestNG1" name="thirdtestcase" time="0.003"/>
  <system-out/>
  <testcase classname="Selenium.TestNG1" name="firsttestcase" time="0.011"/>
  <system-out/>
</testsuite> <!-- Selenium.TestNG1 -->
