<?xml version="1.0" encoding="UTF-8"?>
<!-- Generated by org.testng.reporters.JUnitReportReporter -->
<testsuite hostname="DESKTOP-0I8CQ0P" failures="0" tests="3" name="testng.Groupsexample" time="0.018" errors="0" timestamp="2021-12-14T14:50:19 IST" skipped="0">
  <testcase classname="testng.Groupsexample" name="Moto1" time="0.002"/>
  <system-out/>
  <testcase classname="testng.Groupsexample" name="Apple" time="0.014"/>
  <system-out/>
  <testcase classname="testng.Groupsexample" name="Moto2" time="0.002"/>
  <system-out/>
</testsuite> <!-- testng.Groupsexample -->
